<?xml version="1.0" encoding="UTF-8"?>
<robot generator="Robot 3.2.2 (Python 3.11.2 on win32)" generated="20230623 11:12:03.789" rpa="false">
<suite id="s1" name="RobotTest" source="D:\ToolsQA\RobotTest">
<suite id="s1-s1" name="TestSuite" source="D:\ToolsQA\RobotTest\TestSuite">
<suite id="s1-s1-s1" name="MyFirstTest" source="D:\ToolsQA\RobotTest\TestSuite\MyFirstTest.robot">
<test id="s1-s1-s1-t1" name="Stok Persediaan">
<kw name="Open Browser" library="SeleniumLibrary">
<doc>Opens a new browser instance to the optional ``url``.</doc>
<arguments>
<arg>https://app.jubelio.com/login</arg>
<arg>firefox</arg>
</arguments>
<msg timestamp="20230623 11:12:04.215" level="INFO">Opening browser 'firefox' to base url 'https://app.jubelio.com/login'.</msg>
<msg timestamp="20230623 11:12:04.234" level="INFO">Applicable driver not found; attempting to install with Selenium Manager (Beta)</msg>
<status status="PASS" starttime="20230623 11:12:04.214" endtime="20230623 11:12:17.842"></status>
</kw>
<kw name="Set Selenium Implicit Wait" library="SeleniumLibrary">
<doc>Sets the implicit wait value used by Selenium.</doc>
<arguments>
<arg>5</arg>
</arguments>
<status status="PASS" starttime="20230623 11:12:17.843" endtime="20230623 11:12:17.867"></status>
</kw>
<kw name="Sleep" library="BuiltIn">
<doc>Pauses the test executed for the given time.</doc>
<arguments>
<arg>2</arg>
</arguments>
<msg timestamp="20230623 11:12:19.869" level="INFO">Slept 2 seconds</msg>
<status status="PASS" starttime="20230623 11:12:17.868" endtime="20230623 11:12:19.869"></status>
</kw>
<kw name="Input Text" library="SeleniumLibrary">
<doc>Types the given ``text`` into the text field identified by ``locator``.</doc>
<arguments>
<arg>xpath=/html/body/div[1]/div/div/div[1]/div/div[2]/div/form/div[1]/div/input</arg>
<arg>qa.rakamin.jubelio@gmail.com</arg>
</arguments>
<msg timestamp="20230623 11:12:19.870" level="INFO">Typing text 'qa.rakamin.jubelio@gmail.com' into text field 'xpath=/html/body/div[1]/div/div/div[1]/div/div[2]/div/form/div[1]/div/input'.</msg>
<status status="PASS" starttime="20230623 11:12:19.869" endtime="20230623 11:12:19.973"></status>
</kw>
<kw name="Input Password" library="SeleniumLibrary">
<doc>Types the given password into the text field identified by ``locator``.</doc>
<arguments>
<arg>xpath=/html/body/div[1]/div/div/div[1]/div/div[2]/div/form/div[2]/div/input</arg>
<arg>Jubelio123!</arg>
</arguments>
<msg timestamp="20230623 11:12:19.974" level="INFO">Typing password into text field 'xpath=/html/body/div[1]/div/div/div[1]/div/div[2]/div/form/div[2]/div/input'.</msg>
<msg timestamp="20230623 11:12:19.986" level="INFO">Temporally setting log level to: NONE</msg>
<msg timestamp="20230623 11:12:20.044" level="INFO">Log level changed from NONE to INFO.</msg>
<status status="PASS" starttime="20230623 11:12:19.974" endtime="20230623 11:12:20.045"></status>
</kw>
<kw name="Click Button" library="SeleniumLibrary">
<doc>Clicks the button identified by ``locator``.</doc>
<arguments>
<arg>xpath=/html/body/div[1]/div/div/div[1]/div/div[2]/div/form/button</arg>
</arguments>
<msg timestamp="20230623 11:12:20.046" level="INFO">Clicking button 'xpath=/html/body/div[1]/div/div/div[1]/div/div[2]/div/form/button'.</msg>
<status status="PASS" starttime="20230623 11:12:20.045" endtime="20230623 11:12:20.488"></status>
</kw>
<kw name="Sleep" library="BuiltIn">
<doc>Pauses the test executed for the given time.</doc>
<arguments>
<arg>3</arg>
</arguments>
<msg timestamp="20230623 11:12:23.489" level="INFO">Slept 3 seconds</msg>
<status status="PASS" starttime="20230623 11:12:20.489" endtime="20230623 11:12:23.489"></status>
</kw>
<kw name="Click Element" library="SeleniumLibrary">
<doc>Click the element identified by ``locator``.</doc>
<arguments>
<arg>xpath=/html/body/div[1]/div/div[3]/nav/div/div/ul/li[2]/a/span[2]/i</arg>
</arguments>
<msg timestamp="20230623 11:12:23.490" level="INFO">Clicking element 'xpath=/html/body/div[1]/div/div[3]/nav/div/div/ul/li[2]/a/span[2]/i'.</msg>
<status status="PASS" starttime="20230623 11:12:23.489" endtime="20230623 11:12:23.730"></status>
</kw>
<kw name="Sleep" library="BuiltIn">
<doc>Pauses the test executed for the given time.</doc>
<arguments>
<arg>3</arg>
</arguments>
<msg timestamp="20230623 11:12:26.731" level="INFO">Slept 3 seconds</msg>
<status status="PASS" starttime="20230623 11:12:23.731" endtime="20230623 11:12:26.731"></status>
</kw>
<kw name="Click Element" library="SeleniumLibrary">
<doc>Click the element identified by ``locator``.</doc>
<arguments>
<arg>xpath=/html/body/div[1]/div/div[3]/nav/div/div/ul/li[2]/ul/li[2]/a</arg>
</arguments>
<msg timestamp="20230623 11:12:26.732" level="INFO">Clicking element 'xpath=/html/body/div[1]/div/div[3]/nav/div/div/ul/li[2]/ul/li[2]/a'.</msg>
<status status="PASS" starttime="20230623 11:12:26.731" endtime="20230623 11:12:27.020"></status>
</kw>
<kw name="Sleep" library="BuiltIn">
<doc>Pauses the test executed for the given time.</doc>
<arguments>
<arg>3</arg>
</arguments>
<msg timestamp="20230623 11:12:30.021" level="INFO">Slept 3 seconds</msg>
<status status="PASS" starttime="20230623 11:12:27.021" endtime="20230623 11:12:30.021"></status>
</kw>
<kw name="Click Element" library="SeleniumLibrary">
<doc>Click the element identified by ``locator``.</doc>
<arguments>
<arg>XPATH=/html/body/div[1]/div/div[3]/div/div[3]/div/div/div/div[2]/div/div/div/div/div/div[2]/div/div/div[3]/div/div/div[2]/div/div/div[2]/div[1]/div/div[6]/div/div/span/div/label</arg>
</arguments>
<msg timestamp="20230623 11:12:30.023" level="INFO">Clicking element 'XPATH=/html/body/div[1]/div/div[3]/div/div[3]/div/div/div/div[2]/div/div/div/div/div/div[2]/div/div/div[3]/div/div/div[2]/div/div/div[2]/div[1]/div/div[6]/div/div/span/div/label'.</msg>
<status status="PASS" starttime="20230623 11:12:30.022" endtime="20230623 11:12:30.474"></status>
</kw>
<kw name="Click Element" library="SeleniumLibrary">
<doc>Click the element identified by ``locator``.</doc>
<arguments>
<arg>xpath=/html/body/div[1]/div/div[3]/div/div[3]/div/div/div/div[2]/div/div/div/div/div/div[1]/div[2]/div/button[2]</arg>
</arguments>
<msg timestamp="20230623 11:12:30.474" level="INFO">Clicking element 'xpath=/html/body/div[1]/div/div[3]/div/div[3]/div/div/div/div[2]/div/div/div/div/div/div[1]/div[2]/div/button[2]'.</msg>
<status status="PASS" starttime="20230623 11:12:30.474" endtime="20230623 11:12:30.953"></status>
</kw>
<kw name="Click Element" library="SeleniumLibrary">
<doc>Click the element identified by ``locator``.</doc>
<arguments>
<arg>xpath=/html/body/div[1]/div/div[3]/div/div[3]/div/div/div/div[2]/div/div/div/div/div[1]/div/div[2]/div/div/div[3]/div/div[2]/div/div/div[2]/div/div/div[2]/div[1]/div/div[11]/div/div/span/div/label</arg>
</arguments>
<msg timestamp="20230623 11:12:30.954" level="INFO">Clicking element 'xpath=/html/body/div[1]/div/div[3]/div/div[3]/div/div/div/div[2]/div/div/div/div/div[1]/div/div[2]/div/div/div[3]/div/div[2]/div/div/div[2]/div/div/div[2]/div[1]/div/div[11]/div/div/span/div/label'.</msg>
<msg timestamp="20230623 11:12:36.033" level="INFO" html="yes">&lt;/td&gt;&lt;/tr&gt;&lt;tr&gt;&lt;td colspan="3"&gt;&lt;a href="selenium-screenshot-44.png"&gt;&lt;img src="selenium-screenshot-44.png" width="800px"&gt;&lt;/a&gt;</msg>
<msg timestamp="20230623 11:12:36.056" level="FAIL">Element with locator 'xpath=/html/body/div[1]/div/div[3]/div/div[3]/div/div/div/div[2]/div/div/div/div/div[1]/div/div[2]/div/div/div[3]/div/div[2]/div/div/div[2]/div/div/div[2]/div[1]/div/div[11]/div/div/span/div/label' not found.</msg>
<status status="FAIL" starttime="20230623 11:12:30.954" endtime="20230623 11:12:36.056"></status>
</kw>
<status status="FAIL" starttime="20230623 11:12:04.213" endtime="20230623 11:12:36.056" critical="yes">Element with locator 'xpath=/html/body/div[1]/div/div[3]/div/div[3]/div/div/div/div[2]/div/div/div/div/div[1]/div/div[2]/div/div/div[3]/div/div[2]/div/div/div[2]/div/div/div[2]/div[1]/div/div[11]/div/div/span/div/label' not found.</status>
</test>
<status status="FAIL" starttime="20230623 11:12:03.868" endtime="20230623 11:12:36.057"></status>
</suite>
<status status="FAIL" starttime="20230623 11:12:03.864" endtime="20230623 11:12:36.060"></status>
</suite>
<status status="FAIL" starttime="20230623 11:12:03.834" endtime="20230623 11:12:36.063"></status>
</suite>
<statistics>
<total>
<stat pass="0" fail="1">Critical Tests</stat>
<stat pass="0" fail="1">All Tests</stat>
</total>
<tag>
</tag>
<suite>
<stat pass="0" fail="1" id="s1" name="RobotTest">RobotTest</stat>
<stat pass="0" fail="1" id="s1-s1" name="TestSuite">RobotTest.TestSuite</stat>
<stat pass="0" fail="1" id="s1-s1-s1" name="MyFirstTest">RobotTest.TestSuite.MyFirstTest</stat>
</suite>
</statistics>
<errors>
</errors>
</robot>
